<?xml version="1.0" encoding="UTF-8"?>
<testng-results ignored="0" total="2" passed="2" failed="0" skipped="0">
  <reporter-output>
  </reporter-output>
  <suite started-at="2024-10-29T10:51:49 IST" name="Suite" finished-at="2024-10-29T10:51:49 IST" duration-ms="70">
    <groups>
    </groups>
    <test started-at="2024-10-29T10:51:49 IST" name="Test" finished-at="2024-10-29T10:51:49 IST" duration-ms="70">
      <class name="demo.TestScript1">
        <test-method signature="test()[pri:0, instance:demo.TestScript1@23c30a20]" started-at="2024-10-29T10:51:49 IST" name="test" finished-at="2024-10-29T10:51:49 IST" duration-ms="12" status="PASS">
          <reporter-output>
          </reporter-output>
        </test-method> <!-- test -->
      </class> <!-- demo.TestScript1 -->
      <class name="demo.TestScript2">
        <test-method signature="test2()[pri:0, instance:demo.TestScript2@d9345cd]" started-at="2024-10-29T10:51:49 IST" name="test2" finished-at="2024-10-29T10:51:49 IST" duration-ms="1" status="PASS">
          <reporter-output>
          </reporter-output>
        </test-method> <!-- test2 -->
      </class> <!-- demo.TestScript2 -->
    </test> <!-- Test -->
  </suite> <!-- Suite -->
</testng-results>
